<?xml version="1.0" encoding="UTF-8"?>
<testng-results skipped="0" failed="0" ignored="0" total="1" passed="1">
  <reporter-output>
  </reporter-output>
  <suite name="Default suite" duration-ms="57032" started-at="2022-07-24T23:21:58 IST" finished-at="2022-07-24T23:22:55 IST">
    <groups>
    </groups>
    <test name="Default test" duration-ms="57032" started-at="2022-07-24T23:21:58 IST" finished-at="2022-07-24T23:22:55 IST">
      <class name="com.googlemap.Second">
        <test-method status="PASS" signature="launchUrl()[pri:0, instance:com.googlemap.Second@5891e32e]" name="launchUrl" duration-ms="56993" started-at="2022-07-24T23:21:58 IST" finished-at="2022-07-24T23:22:55 IST">
          <reporter-output>
          </reporter-output>
        </test-method> <!-- launchUrl -->
      </class> <!-- com.googlemap.Second -->
    </test> <!-- Default test -->
  </suite> <!-- Default suite -->
</testng-results>
